Build started 29.12.2017 23:18:37.
     1>Project "D:\Holger\AppDev\OpenCV\VideoProcessing\VideoProcessing\VideoProcessing.vcxproj" on node 2 (build target(s)).
     1>InitializeBuildStatus:
         Touching "Release\VidProc.unsuccessfulbuild".
       ClCompile:
         c:\Program Files\Microsoft Visual Studio 10.0\VC\bin\CL.exe /c /I"D:\opencv-2.4.10\Build\x86\vc10\..\..\include" /ID:\Holger\AppDev\sqlite\inc /Zi /nologo /W3 /WX- /O2 /Oi /Oy- /GL /D WIN32 /D NDEBUG /D _CONSOLE /D _UNICODE /D UNICODE /Gm- /EHsc /MD /GS /Gy /fp:precise /Zc:wchar_t /Zc:forScope /Fo"Release\\" /Fd"Release\vc100.pdb" /Gd /TP /analyze- /errorReport:prompt frame_handler.cpp
         frame_handler.cpp
       Link:
         c:\Program Files\Microsoft Visual Studio 10.0\VC\bin\link.exe /ERRORREPORT:PROMPT /OUT:"D:\Holger\AppDev\OpenCV\VideoProcessing\Release\VidProc.exe" /INCREMENTAL:NO /NOLOGO /LIBPATH:"D:\opencv-2.4.10\Build\x86\vc10\lib" /LIBPATH:D:\Holger\AppDev\sqlite\lib kernel32.lib user32.lib gdi32.lib winspool.lib comdlg32.lib advapi32.lib shell32.lib ole32.lib oleaut32.lib uuid.lib odbc32.lib odbccp32.lib opencv_core2410.lib opencv_highgui2410.lib opencv_imgproc2410.lib opencv_video2410.lib opencv_videostab2410.lib opencv_features2d2410.lib sqlite3.lib kernel32.lib user32.lib gdi32.lib winspool.lib comdlg32.lib advapi32.lib shell32.lib ole32.lib oleaut32.lib uuid.lib odbc32.lib odbccp32.lib /MANIFEST /ManifestFile:"Release\VidProc.exe.intermediate.manifest" /MANIFESTUAC:"level='asInvoker' uiAccess='false'" /DEBUG /PDB:"D:\Holger\AppDev\OpenCV\VideoProcessing\Release\VidProc.pdb" /SUBSYSTEM:CONSOLE /OPT:REF /OPT:ICF /LTCG /TLBID:1 /DYNAMICBASE /NXCOMPAT /IMPLIB:"D:\Holger\AppDev\OpenCV\VideoProcessing\Release\VidProc.lib" /MACHINE:X86 Release\config.obj
         Release\fourcc.obj
         Release\frame_handler.obj
         Release\keypress.obj
         Release\stdafx.obj
         Release\tracker.obj
         Release\video.obj
         Generating code
         Finished generating code
         VideoProcessing.vcxproj -> D:\Holger\AppDev\OpenCV\VideoProcessing\Release\VidProc.exe
       Manifest:
         C:\Program Files\Microsoft SDKs\Windows\v7.0A\bin\mt.exe /nologo /verbose /outputresource:"D:\Holger\AppDev\OpenCV\VideoProcessing\Release\VidProc.exe;#1" /manifest Release\VidProc.exe.intermediate.manifest
       FinalizeBuildStatus:
         Deleting file "Release\VidProc.unsuccessfulbuild".
         Touching "Release\VidProc.lastbuildstate".
     1>Done Building Project "D:\Holger\AppDev\OpenCV\VideoProcessing\VideoProcessing\VideoProcessing.vcxproj" (build target(s)).

Build succeeded.

Time Elapsed 00:00:07.11
